12:22:56.906 DEBUG    SMan: hd[0]: CameraBase: SM: WaitForNewCmdMsg: qHandler QLength is 0
12:22:56.906 DEBUG    SMan: hd[0]: CameraBase: SM: WaitForNewCmdMsg: blocking on dequeue...
12:22:56.906 DEBUG    SMan: hd[0]: CameraBase: SM: WaitForNewCmdMsg: got message...
12:22:56.906 DEBUG    SMan: hd[0]: CameraBase: In: Command: 00 
12:22:56.906 DEBUG    SMan: hd[0]: CameraBase: SM: WaitForNewCmdMsg: qHandler QLength is 0
12:22:56.906 DEBUG    SMan: hd[0]: CameraBase: SM: WaitForNewCmdMsg: blocking on dequeue...
12:22:56.906 DEBUG    SMan: hd[0]: CameraBase: SM: WaitForNewCmdMsg: got message...
12:22:56.906 DEBUG    SMan: hd[0]: CameraBase: In: Command: 00 
12:22:56.906 DEBUG    SMan: hd[0]: CameraBase: SM: WaitForNewCmdMsg: qHandler QLength is 0
12:22:56.906 DEBUG    SMan: hd[0]: CameraBase: SM: WaitForNewCmdMsg: blocking on dequeue...
12:22:56.906 DEBUG    SMan: hd[0]: CameraBase: SM: WaitForNewCmdMsg: got message...
12:22:56.906 DEBUG    SMan: hd[0]: CameraBase: In: Command: 00 
12:22:56.906 DEBUG    SMan: hd[0]: CameraBase: SM: WaitForNewCmdMsg: qHandler QLength is 0
12:22:56.906 DEBUG    SMan: hd[0]: CameraBase: SM: WaitForNewCmdMsg: blocking on dequeue...
12:22:56.906 DEBUG    SMan: hd[0]: CameraBase: SM: WaitForNewCmdMsg: got message...
12:22:56.906 DEBUG    SMan: hd[0]: CameraBase: In: Command: 0a 
12:22:56.906 DEBUG    SMan: hd[0]: CameraBase: SM: WaitForNewCmdMsg: qHandler QLength is 0
12:22:56.906 DEBUG    SMan: hd[0]: CameraBase: SM: WaitForNewCmdMsg: blocking on dequeue...
12:22:56.906 DEBUG    SMan: hd[0]: CameraBase: SM: WaitForNewCmdMsg: got message...
12:22:56.906 DEBUG    SMan: hd[0]: CameraBase: In: Command: 06 
12:22:56.906 DEBUG    SMan: hd[0]: CameraBase: SM: WaitForNewCmdMsg: qHandler QLength is 0
12:22:56.906 DEBUG    SMan: hd[0]: CameraBase: SM: WaitForNewCmdMsg: blocking on dequeue...
12:22:56.906 DEBUG    SMan: hd[0]: CameraBase: SM: WaitForNewCmdMsg: got message...
12:22:56.906 DEBUG    SMan: hd[0]: CameraBase: In: Command: 25 
12:22:56.906 DEBUG    SMan: hd[0]: CameraBase: SM: WaitForNewCmdMsg: qHandler QLength is 0
12:22:56.906 DEBUG    SMan: hd[0]: CameraBase: SM: WaitForNewCmdMsg: blocking on dequeue...
12:22:56.906 DEBUG    SMan: hd[0]: CameraBase: SM: WaitForNewCmdMsg: got message...
12:22:56.906 DEBUG    SMan: hd[0]: CameraBase: In: Command: 21 
12:22:56.906 DEBUG    SMan: hd[0]: CameraBase: SM: WaitForNewCmdMsg: qHandler QLength is 0
12:22:56.906 DEBUG    SMan: hd[0]: CameraBase: SM: WaitForNewCmdMsg: blocking on dequeue...
12:22:56.906 DEBUG    SMan: hd[0]: CameraBase: SM: WaitForNewCmdMsg: got message...
12:22:56.906 DEBUG    SMan: hd[0]: CameraBase: In: Command: 01 
12:22:56.906 DEBUG    SMan: hd[0]: CameraBase: SM: WaitForNewCmdMsg: qHandler QLength is 0
12:22:56.906 DEBUG    SMan: hd[0]: CameraBase: SM: WaitForNewCmdMsg: blocking on dequeue...
12:22:56.906 DEBUG    SMan: hd[0]: CameraBase: SM: WaitForNewCmdMsg: got message...
12:22:56.906 DEBUG    SMan: hd[0]: CameraBase: In: Command: 00 
12:22:56.906 DEBUG    SMan: hd[0]: CameraBase: SM: WaitForNewCmdMsg: qHandler QLength is 0
12:22:56.906 DEBUG    SMan: hd[0]: CameraBase: SM: WaitForNewCmdMsg: blocking on dequeue...
12:22:56.906 DEBUG    SMan: hd[0]: CameraBase: SM: WaitForNewCmdMsg: got message...
12:22:56.906 DEBUG    SMan: hd[0]: CameraBase: In: Command: 3e8 fa 40 1f8 
12:22:56.906 DEBUG    SMan: hd[0]: CameraBase: SM: WaitForNewCmdMsg: qHandler QLength is 0
12:22:56.906 DEBUG    SMan: hd[0]: CameraBase: SM: WaitForNewCmdMsg: blocking on dequeue...
12:22:56.906 DEBUG    SMan: hd[0]: CameraBase: SM: WaitForNewCmdMsg: got message...
12:22:56.906 DEBUG    SMan: hd[0]: CameraBase: In: Command: 00 00 00 
12:22:56.906 DEBUG    SMan: hd[0]: CameraBase: SM: WaitForNewCmdMsg: qHandler QLength is 0
12:22:56.906 DEBUG    SMan: hd[0]: CameraBase: SM: WaitForNewCmdMsg: blocking on dequeue...
12:22:56.906 DEBUG    SMan: hd[0]: CameraBase: SM: WaitForNewCmdMsg: got message...
12:22:56.906 DEBUG    SMan: hd[0]: CameraBase: In: Command: 01 00 00 
12:22:56.906 DEBUG    SMan: hd[0]: CameraBase: SM: WaitForNewCmdMsg: qHandler QLength is 0
12:22:56.906 DEBUG    SMan: hd[0]: CameraBase: SM: WaitForNewCmdMsg: blocking on dequeue...
12:22:56.906 DEBUG    SMan: hd[0]: CameraBase: SM: WaitForNewCmdMsg: got message...
12:22:56.906 DEBUG    SMan: hd[0]: CameraBase: In: Response: a0 92 40 00 
12:22:56.907 INFO     SMan: hd[0]: CameraJCCP: QRead 1 bytes
12:22:56.907 INFO     SMan: hd[0]: CameraJCCP: ProcessMessage: cam response: a0 
12:22:56.907 INFO     SMan: hd[0]: CameraJCCP: rx: JCCP ACK
12:22:56.907 INFO     SMan: hd[0]: CameraJCCP: QRead 3 bytes
12:22:56.907 INFO     SMan: hd[0]: CameraJCCP: ProcessMessage: cam response: 92 40 00 
12:22:56.907 INFO     SMan: hd[0]: CameraJCCP: rx: complete message 92 40 00 
12:22:56.907 INFO     SMan: hd[0]: CameraJCCP: rx: Excuted
12:22:56.907 DEBUG    SMan: hd[0]: CameraBase: SM: CameraCommandLoop: process pending cmd
12:22:56.907 DEBUG    SMan: hd[0]: CameraBase: In: Command: 00 
12:22:56.907 INFO     SMan: hd[0]: CameraJCCP: composeShutterSpeedCmd: JCCP camera got shutter speed change to frequency 0
12:22:56.907 INFO     SMan: hd[0]: CameraJCCP: Send 4 bytes: 83 42 14 0 
12:22:56.907 INFO     SMan: hd[0]: SrcMan: 83 42 14 00 
12:22:56.907 INFO     SMan: hd[0]: SrcMan: PortNear SrcManPortNear1 Controller 0 SendMessage: component_id: "cam1" serial_write { serial_bytes: "\203B\024\000" } 
12:22:56.907 INFO     SMan: hd[0]: SrcMan: SendMessage: local port controller 
12:22:56.907 INFO     SMan: hd[0]: SrcMan: SendToEndpoint from SrcManPortNear1 to PortController
12:22:56.907 INFO     PCon: hd[0]: PcThreads: PC: NETRA0 input thread received CMD/REQ Msg - Comp_ID = cam1
12:22:56.907 INFO     PCon: hd[0]: PcThreads: PC_ProcessMsg: component_id: "cam1" serial_write { serial_bytes: "\203B\024\000" } 
12:22:56.908 INFO     PCon: hd[0]: PcSerial: Not CAM CTRL mode:  Send to CAMx ser HDCI
12:22:56.908 INFO     SMan: hd[0]: SrcMan: SendMessage: component_id: "cam1" error: kErrNoError 
12:22:56.908 DEBUG    SMan: hd[0]: CameraBase: SM: WaitForNewCmdMsg: qHandler QLength is 0
12:22:56.908 DEBUG    SMan: hd[0]: CameraBase: SM: WaitForNewCmdMsg: blocking on dequeue...
12:22:56.914 INFO     PCon: hd[0]: PcSerial: PC: Serial read - sent notify from: PC:CAM1, num chars:1
12:22:56.914 INFO     PCon: hd[0]: PcSerial: CAM_Serial_ReadThread: component_id: "cam1" serial_bytes: "\240" 
12:22:56.914 INFO     SMan: hd[0]: SrcMan: SMPlatformComponentNtfyHdlr, context 0x7b97c
12:22:56.914 INFO     SMan: hd[0]: SrcMan: PlatformComponentNtfyHdlr: component_id: "cam1" serial_bytes: "\240" 
12:22:56.915 DEBUG    SMan: hd[0]: CameraBase: SM: WaitForNewCmdMsg: got message...
12:22:56.915 DEBUG    SMan: hd[0]: CameraBase: In: Response: a0 
12:22:56.915 INFO     SMan: hd[0]: CameraJCCP: QRead 1 bytes
12:22:56.915 INFO     SMan: hd[0]: CameraJCCP: ProcessMessage: cam response: a0 
12:22:56.915 INFO     SMan: hd[0]: CameraJCCP: rx: JCCP ACK
12:22:56.915 DEBUG    SMan: hd[0]: CameraBase: SM: WaitForNewCmdMsg: qHandler QLength is 0
12:22:56.915 DEBUG    SMan: hd[0]: CameraBase: SM: WaitForNewCmdMsg: blocking on dequeue...
12:22:56.915 INFO     PCon: hd[0]: PcSerial: PC: Serial read - sent notify from: PC:CAM1, num chars:1
12:22:56.915 INFO     PCon: hd[0]: PcSerial: CAM_Serial_ReadThread: component_id: "cam1" serial_bytes: "\222" 
12:22:56.915 INFO     SMan: hd[0]: SrcMan: SMPlatformComponentNtfyHdlr, context 0x7b97c
12:22:56.915 INFO     SMan: hd[0]: SrcMan: PlatformComponentNtfyHdlr: component_id: "cam1" serial_bytes: "\222" 
12:22:56.916 DEBUG    SMan: hd[0]: CameraBase: SM: WaitForNewCmdMsg: got message...
12:22:56.916 DEBUG    SMan: hd[0]: CameraBase: In: Response: 92 
12:22:56.916 DEBUG    SMan: hd[0]: CameraBase: SM: WaitForNewCmdMsg: qHandler QLength is 1
12:22:56.916 DEBUG    SMan: hd[0]: CameraBase: SM: WaitForNewCmdMsg: blocking on dequeue...
12:22:56.916 INFO     PCon: hd[0]: PcSerial: PC: Serial read - sent notify from: PC:CAM1, num chars:1
12:22:56.916 INFO     PCon: hd[0]: PcSerial: CAM_Serial_ReadThread: component_id: "cam1" serial_bytes: "@" 
12:22:56.916 INFO     SMan: hd[0]: SrcMan: SMPlatformComponentNtfyHdlr, context 0x7b97c
12:22:56.916 INFO     SMan: hd[0]: SrcMan: PlatformComponentNtfyHdlr: component_id: "cam1" serial_bytes: "@" 
12:22:56.917 DEBUG    SMan: hd[0]: CameraBase: SM: WaitForNewCmdMsg: got message...
12:22:56.917 DEBUG    SMan: hd[0]: CameraBase: In: Response: 40 
12:22:56.917 DEBUG    SMan: hd[0]: CameraBase: SM: WaitForNewCmdMsg: qHandler QLength is 2
12:22:56.917 DEBUG    SMan: hd[0]: CameraBase: SM: WaitForNewCmdMsg: blocking on dequeue...
12:22:56.917 INFO     PCon: hd[0]: PcSerial: PC: Serial read - sent notify from: PC:CAM1, num chars:1
12:22:56.917 INFO     PCon: hd[0]: PcSerial: CAM_Serial_ReadThread: component_id: "cam1" serial_bytes: "\000" 
12:22:56.918 INFO     SMan: hd[0]: SrcMan: SMPlatformComponentNtfyHdlr, context 0x7b97c
12:22:56.918 INFO     SMan: hd[0]: SrcMan: PlatformComponentNtfyHdlr: component_id: "cam1" serial_bytes: "\000" 
12:22:56.918 DEBUG    SMan: hd[0]: CameraBase: SM: WaitForNewCmdMsg: got message...
12:22:56.918 DEBUG    SMan: hd[0]: CameraBase: In: Response: 00 
12:22:56.918 INFO     SMan: hd[0]: CameraJCCP: QRead 3 bytes
12:22:56.918 INFO     SMan: hd[0]: CameraJCCP: ProcessMessage: cam response: 92 40 00 
12:22:56.918 INFO     SMan: hd[0]: CameraJCCP: rx: complete message 92 40 00 
12:22:56.918 INFO     SMan: hd[0]: CameraJCCP: rx: Excuted
12:22:56.918 DEBUG    SMan: hd[0]: CameraBase: SM: CameraCommandLoop: process pending cmd
12:22:56.918 DEBUG    SMan: hd[0]: CameraBase: In: Command: 00 
12:22:56.918 INFO     SMan: hd[0]: CameraJCCP: composeDirectionCmd: JCCP camera got direction change to mode 0
12:22:56.918 DEBUG    SMan: hd[0]: CameraBase: SM: CameraCommandLoop: process pending cmd
12:22:56.918 DEBUG    SMan: hd[0]: CameraBase: In: Command: 00 
12:22:56.918 INFO     SMan: hd[0]: CameraJCCP: composeOrientationCmd: JCCP camera got orientation change to mode 0
12:22:56.918 INFO     SMan: hd[0]: CameraJCCP: Send 4 bytes: 83 41 3e 0 
12:22:56.918 INFO     SMan: hd[0]: SrcMan: 83 41 3E 00 
12:22:56.918 INFO     SMan: hd[0]: SrcMan: PortNear SrcManPortNear1 Controller 0 SendMessage: component_id: "cam1" serial_write { serial_bytes: "\203A>\000" } 
12:22:56.918 INFO     SMan: hd[0]: SrcMan: SendMessage: local port controller 
12:22:56.918 INFO     SMan: hd[0]: SrcMan: SendToEndpoint from SrcManPortNear1 to PortController
12:22:56.919 INFO     PCon: hd[0]: PcThreads: PC: NETRA0 input thread received CMD/REQ Msg - Comp_ID = cam1
12:22:56.919 INFO     PCon: hd[0]: PcThreads: PC_ProcessMsg: component_id: "cam1" serial_write { serial_bytes: "\203A>\000" } 
12:22:56.919 INFO     PCon: hd[0]: PcSerial: Not CAM CTRL mode:  Send to CAMx ser HDCI
12:22:56.920 INFO     SMan: hd[0]: SrcMan: SendMessage: component_id: "cam1" error: kErrNoError 
12:22:56.920 DEBUG    SMan: hd[0]: CameraBase: SM: WaitForNewCmdMsg: qHandler QLength is 0
12:22:56.920 DEBUG    SMan: hd[0]: CameraBase: SM: WaitForNewCmdMsg: blocking on dequeue...
12:22:56.931 INFO     PCon: hd[0]: PcSerial: PC: Serial read - sent notify from: PC:CAM1, num chars:4
12:22:56.931 INFO     PCon: hd[0]: PcSerial: CAM_Serial_ReadThread: component_id: "cam1" serial_bytes: "\240\222@\000" 
12:22:56.932 INFO     SMan: hd[0]: SrcMan: SMPlatformComponentNtfyHdlr, context 0x7b97c
12:22:56.932 INFO     SMan: hd[0]: SrcMan: PlatformComponentNtfyHdlr: component_id: "cam1" serial_bytes: "\240\222@\000" 
12:22:56.932 DEBUG    SMan: hd[0]: CameraBase: SM: WaitForNewCmdMsg: got message...
12:22:56.932 DEBUG    SMan: hd[0]: CameraBase: In: Response: a0 92 40 00 
12:22:56.932 INFO     SMan: hd[0]: CameraJCCP: QRead 1 bytes
12:22:56.932 INFO     SMan: hd[0]: CameraJCCP: ProcessMessage: cam response: a0 
12:22:56.932 INFO     SMan: hd[0]: CameraJCCP: rx: JCCP ACK
12:22:56.932 INFO     SMan: hd[0]: CameraJCCP: QRead 3 bytes
12:22:56.932 INFO     SMan: hd[0]: CameraJCCP: ProcessMessage: cam response: 92 40 00 
12:22:56.932 INFO     SMan: hd[0]: CameraJCCP: rx: complete message 92 40 00 
12:22:56.932 INFO     SMan: hd[0]: CameraJCCP: rx: Excuted
12:22:56.932 DEBUG    SMan: hd[0]: CameraBase: SM: CameraCommandLoop: process pending cmd
12:22:56.932 DEBUG    SMan: hd[0]: CameraBase: In: Command: 0a 
12:22:56.932 INFO     SMan: hd[0]: CameraJCCP: composeBrightnessCmd: JCCP camera got brightness change to 10
12:22:56.932 INFO     SMan: hd[0]: CameraJCCP: Send 4 bytes: 83 41 33 7f 
12:22:56.932 INFO     SMan: hd[0]: SrcMan: 83 41 33 7F 
12:22:56.933 INFO     SMan: hd[0]: SrcMan: PortNear SrcManPortNear1 Controller 0 SendMessage: component_id: "cam1" serial_write { serial_bytes: "\203A3\177" } 
12:22:56.933 INFO     SMan: hd[0]: SrcMan: SendMessage: local port controller 
12:22:56.933 INFO     SMan: hd[0]: SrcMan: SendToEndpoint from SrcManPortNear1 to PortController
12:22:56.933 INFO     PCon: hd[0]: PcThreads: PC: NETRA0 input thread received CMD/REQ Msg - Comp_ID = cam1
12:22:56.933 INFO     PCon: hd[0]: PcThreads: PC_ProcessMsg: component_id: "cam1" serial_write { serial_bytes: "\203A3\177" } 
12:22:56.933 INFO     PCon: hd[0]: PcSerial: Not CAM CTRL mode:  Send to CAMx ser HDCI
12:22:56.933 INFO     SMan: hd[0]: SrcMan: SendMessage: component_id: "cam1" error: kErrNoError 
12:22:56.934 DEBUG    SMan: hd[0]: CameraBase: SM: WaitForNewCmdMsg: qHandler QLength is 0
12:22:56.934 DEBUG    SMan: hd[0]: CameraBase: SM: WaitForNewCmdMsg: blocking on dequeue...
12:22:56.940 INFO     PCon: hd[0]: PcSerial: PC: Serial read - sent notify from: PC:CAM1, num chars:1
12:22:56.940 INFO     PCon: hd[0]: PcSerial: CAM_Serial_ReadThread: component_id: "cam1" serial_bytes: "\240" 
12:22:56.940 INFO     SMan: hd[0]: SrcMan: SMPlatformComponentNtfyHdlr, context 0x7b97c
12:22:56.940 INFO     SMan: hd[0]: SrcMan: PlatformComponentNtfyHdlr: component_id: "cam1" serial_bytes: "\240" 
12:22:56.941 INFO     PCon: hd[0]: PcSerial: PC: Serial read - sent notify from: PC:CAM1, num chars:1
12:22:56.941 INFO     PCon: hd[0]: PcSerial: CAM_Serial_ReadThread: component_id: "cam1" serial_bytes: "\222" 
12:22:56.941 DEBUG    SMan: hd[0]: CameraBase: SM: WaitForNewCmdMsg: got message...
12:22:56.941 DEBUG    SMan: hd[0]: CameraBase: In: Response: a0 
12:22:56.941 INFO     SMan: hd[0]: CameraJCCP: QRead 1 bytes
12:22:56.941 INFO     SMan: hd[0]: CameraJCCP: ProcessMessage: cam response: a0 
12:22:56.941 INFO     SMan: hd[0]: CameraJCCP: rx: JCCP ACK
12:22:56.941 DEBUG    SMan: hd[0]: CameraBase: SM: WaitForNewCmdMsg: qHandler QLength is 0
12:22:56.941 DEBUG    SMan: hd[0]: CameraBase: SM: WaitForNewCmdMsg: blocking on dequeue...
12:22:56.942 INFO     PCon: hd[0]: PcSerial: PC: Serial read - sent notify from: PC:CAM1, num chars:1
12:22:56.942 INFO     PCon: hd[0]: PcSerial: CAM_Serial_ReadThread: component_id: "cam1" serial_bytes: "@" 
12:22:56.942 INFO     SMan: hd[0]: SrcMan: SMPlatformComponentNtfyHdlr, context 0x7b97c
12:22:56.942 INFO     SMan: hd[0]: SrcMan: PlatformComponentNtfyHdlr: component_id: "cam1" serial_bytes: "\222" 
12:22:56.943 DEBUG    SMan: hd[0]: CameraBase: SM: WaitForNewCmdMsg: got message...
12:22:56.943 DEBUG    SMan: hd[0]: CameraBase: In: Response: 92 
12:22:56.943 DEBUG    SMan: hd[0]: CameraBase: SM: WaitForNewCmdMsg: qHandler QLength is 1
12:22:56.943 DEBUG    SMan: hd[0]: CameraBase: SM: WaitForNewCmdMsg: blocking on dequeue...
12:22:56.943 INFO     SMan: hd[0]: SrcMan: SMPlatformComponentNtfyHdlr, context 0x7b97c
12:22:56.943 INFO     SMan: hd[0]: SrcMan: PlatformComponentNtfyHdlr: component_id: "cam1" serial_bytes: "@" 
12:22:56.943 INFO     PCon: hd[0]: PcSerial: PC: Serial read - sent notify from: PC:CAM1, num chars:1
12:22:56.943 INFO     PCon: hd[0]: PcSerial: CAM_Serial_ReadThread: component_id: "cam1" serial_bytes: "\000" 
12:22:56.943 DEBUG    SMan: hd[0]: CameraBase: SM: WaitForNewCmdMsg: got message...
12:22:56.943 DEBUG    SMan: hd[0]: CameraBase: In: Response: 40 
12:22:56.943 DEBUG    SMan: hd[0]: CameraBase: SM: WaitForNewCmdMsg: qHandler QLength is 2
12:22:56.943 DEBUG    SMan: hd[0]: CameraBase: SM: WaitForNewCmdMsg: blocking on dequeue...
12:22:56.944 INFO     SMan: hd[0]: SrcMan: SMPlatformComponentNtfyHdlr, context 0x7b97c
12:22:56.944 INFO     SMan: hd[0]: SrcMan: PlatformComponentNtfyHdlr: component_id: "cam1" serial_bytes: "\000" 
12:22:56.944 DEBUG    SMan: hd[0]: CameraBase: SM: WaitForNewCmdMsg: got message...
12:22:56.944 DEBUG    SMan: hd[0]: CameraBase: In: Response: 00 
12:22:56.944 INFO     SMan: hd[0]: CameraJCCP: QRead 3 bytes
12:22:56.944 INFO     SMan: hd[0]: CameraJCCP: ProcessMessage: cam response: 92 40 00 
12:22:56.944 INFO     SMan: hd[0]: CameraJCCP: rx: complete message 92 40 00 
12:22:56.944 INFO     SMan: hd[0]: CameraJCCP: rx: Excuted
12:22:56.944 DEBUG    SMan: hd[0]: CameraBase: SM: CameraCommandLoop: process pending cmd
12:22:56.944 DEBUG    SMan: hd[0]: CameraBase: In: Command: 06 
12:22:56.944 INFO     SMan: hd[0]: CameraJCCP: composeSaturationCmd: JCCP camera got saturation change to 6
12:22:56.944 INFO     SMan: hd[0]: CameraJCCP: Send 5 bytes: 84 43 3e 1 0 
12:22:56.944 INFO     SMan: hd[0]: SrcMan: 84 43 3E 01 00 
12:22:56.944 INFO     SMan: hd[0]: SrcMan: PortNear SrcManPortNear1 Controller 0 SendMessage: component_id: "cam1" serial_write { serial_bytes: "\204C>\001\000" } 
12:22:56.944 INFO     SMan: hd[0]: SrcMan: SendMessage: local port controller 
12:22:56.944 INFO     SMan: hd[0]: SrcMan: SendToEndpoint from SrcManPortNear1 to PortController
12:22:56.944 INFO     PCon: hd[0]: PcThreads: PC: NETRA0 input thread received CMD/REQ Msg - Comp_ID = cam1
12:22:56.945 INFO     PCon: hd[0]: PcThreads: PC_ProcessMsg: component_id: "cam1" serial_write { serial_bytes: "\204C>\001\000" } 
12:22:56.945 INFO     PCon: hd[0]: PcSerial: Not CAM CTRL mode:  Send to CAMx ser HDCI
12:22:56.945 INFO     SMan: hd[0]: SrcMan: SendMessage: component_id: "cam1" error: kErrNoError 
12:22:56.945 DEBUG    SMan: hd[0]: CameraBase: SM: WaitForNewCmdMsg: qHandler QLength is 0
12:22:56.945 DEBUG    SMan: hd[0]: CameraBase: SM: WaitForNewCmdMsg: blocking on dequeue...
12:22:56.952 INFO     PCon: hd[0]: PcSerial: PC: Serial read - sent notify from: PC:CAM1, num chars:1
12:22:56.953 INFO     PCon: hd[0]: PcSerial: CAM_Serial_ReadThread: component_id: "cam1" serial_bytes: "\240" 
12:22:56.953 INFO     SMan: hd[0]: SrcMan: SMPlatformComponentNtfyHdlr, context 0x7b97c
12:22:56.953 INFO     SMan: hd[0]: SrcMan: PlatformComponentNtfyHdlr: component_id: "cam1" serial_bytes: "\240" 
12:22:56.954 DEBUG    SMan: hd[0]: CameraBase: SM: WaitForNewCmdMsg: got message...
12:22:56.954 DEBUG    SMan: hd[0]: CameraBase: In: Response: a0 
12:22:56.954 INFO     SMan: hd[0]: CameraJCCP: QRead 1 bytes
12:22:56.954 INFO     SMan: hd[0]: CameraJCCP: ProcessMessage: cam response: a0 
12:22:56.954 INFO     SMan: hd[0]: CameraJCCP: rx: JCCP ACK
12:22:56.954 DEBUG    SMan: hd[0]: CameraBase: SM: WaitForNewCmdMsg: qHandler QLength is 0
12:22:56.954 DEBUG    SMan: hd[0]: CameraBase: SM: WaitForNewCmdMsg: blocking on dequeue...
12:22:56.954 INFO     PCon: hd[0]: PcSerial: PC: Serial read - sent notify from: PC:CAM1, num chars:1
12:22:56.954 INFO     PCon: hd[0]: PcSerial: CAM_Serial_ReadThread: component_id: "cam1" serial_bytes: "\222" 
12:22:56.954 INFO     SMan: hd[0]: SrcMan: SMPlatformComponentNtfyHdlr, context 0x7b97c
12:22:56.954 INFO     SMan: hd[0]: SrcMan: PlatformComponentNtfyHdlr: component_id: "cam1" serial_bytes: "\222" 
12:22:56.954 DEBUG    SMan: hd[0]: CameraBase: SM: WaitForNewCmdMsg: got message...
12:22:56.955 DEBUG    SMan: hd[0]: CameraBase: In: Response: 92 
12:22:56.955 DEBUG    SMan: hd[0]: CameraBase: SM: WaitForNewCmdMsg: qHandler QLength is 1
12:22:56.955 DEBUG    SMan: hd[0]: CameraBase: SM: WaitForNewCmdMsg: blocking on dequeue...
12:22:56.955 INFO     PCon: hd[0]: PcSerial: PC: Serial read - sent notify from: PC:CAM1, num chars:1
12:22:56.955 INFO     PCon: hd[0]: PcSerial: CAM_Serial_ReadThread: component_id: "cam1" serial_bytes: "@" 
12:22:56.955 INFO     SMan: hd[0]: SrcMan: SMPlatformComponentNtfyHdlr, context 0x7b97c
12:22:56.955 INFO     SMan: hd[0]: SrcMan: PlatformComponentNtfyHdlr: component_id: "cam1" serial_bytes: "@" 
12:22:56.955 DEBUG    SMan: hd[0]: CameraBase: SM: WaitForNewCmdMsg: got message...
12:22:56.955 DEBUG    SMan: hd[0]: CameraBase: In: Response: 40 
12:22:56.955 DEBUG    SMan: hd[0]: CameraBase: SM: WaitForNewCmdMsg: qHandler QLength is 2
12:22:56.955 DEBUG    SMan: hd[0]: CameraBase: SM: WaitForNewCmdMsg: blocking on dequeue...
12:22:56.956 INFO     PCon: hd[0]: PcSerial: PC: Serial read - sent notify from: PC:CAM1, num chars:1
12:22:56.956 INFO     PCon: hd[0]: PcSerial: CAM_Serial_ReadThread: component_id: "cam1" serial_bytes: "\000" 
12:22:56.956 INFO     SMan: hd[0]: SrcMan: SMPlatformComponentNtfyHdlr, context 0x7b97c
12:22:56.956 INFO     SMan: hd[0]: SrcMan: PlatformComponentNtfyHdlr: component_id: "cam1" serial_bytes: "\000" 
12:22:56.956 DEBUG    SMan: hd[0]: CameraBase: SM: WaitForNewCmdMsg: got message...
12:22:56.956 DEBUG    SMan: hd[0]: CameraBase: In: Response: 00 
12:22:56.956 INFO     SMan: hd[0]: CameraJCCP: QRead 3 bytes
12:22:56.956 INFO     SMan: hd[0]: CameraJCCP: ProcessMessage: cam response: 92 40 00 
12:22:56.956 INFO     SMan: hd[0]: CameraJCCP: rx: complete message 92 40 00 
12:22:56.956 INFO     SMan: hd[0]: CameraJCCP: rx: Excuted
12:22:56.956 DEBUG    SMan: hd[0]: CameraBase: SM: CameraCommandLoop: process pending cmd
12:22:56.956 DEBUG    SMan: hd[0]: CameraBase: In: Command: 25 
12:22:56.956 INFO     SMan: hd[0]: CameraJCCP: composeWbAutoGainRCmd: JCCP camera got auto gainr change to 37
12:22:56.956 INFO     SMan: hd[0]: CameraJCCP: Send 5 bytes: 84 43 42 1 4 
12:22:56.956 INFO     SMan: hd[0]: SrcMan: 84 43 42 01 04 
12:22:56.957 INFO     SMan: hd[0]: SrcMan: PortNear SrcManPortNear1 Controller 0 SendMessage: component_id: "cam1" serial_write { serial_bytes: "\204CB\001\004" } 
12:22:56.957 INFO     SMan: hd[0]: SrcMan: SendMessage: local port controller 
12:22:56.957 INFO     SMan: hd[0]: SrcMan: SendToEndpoint from SrcManPortNear1 to PortController
12:22:56.957 INFO     PCon: hd[0]: PcThreads: PC: NETRA0 input thread received CMD/REQ Msg - Comp_ID = cam1
12:22:56.957 INFO     PCon: hd[0]: PcThreads: PC_ProcessMsg: component_id: "cam1" serial_write { serial_bytes: "\204CB\001\004" } 
12:22:56.957 INFO     PCon: hd[0]: PcSerial: Not CAM CTRL mode:  Send to CAMx ser HDCI
12:22:56.958 INFO     SMan: hd[0]: SrcMan: SendMessage: component_id: "cam1" error: kErrNoError 
12:22:56.958 DEBUG    SMan: hd[0]: CameraBase: SM: WaitForNewCmdMsg: qHandler QLength is 0
12:22:56.958 DEBUG    SMan: hd[0]: CameraBase: SM: WaitForNewCmdMsg: blocking on dequeue...
12:22:56.965 INFO     PCon: hd[0]: PcSerial: PC: Serial read - sent notify from: PC:CAM1, num chars:1
12:22:56.965 INFO     PCon: hd[0]: PcSerial: CAM_Serial_ReadThread: component_id: "cam1" serial_bytes: "\240" 
12:22:56.965 INFO     SMan: hd[0]: SrcMan: SMPlatformComponentNtfyHdlr, context 0x7b97c
12:22:56.965 INFO     SMan: hd[0]: SrcMan: PlatformComponentNtfyHdlr: component_id: "cam1" serial_bytes: "\240" 
12:22:56.966 DEBUG    SMan: hd[0]: CameraBase: SM: WaitForNewCmdMsg: got message...
12:22:56.966 DEBUG    SMan: hd[0]: CameraBase: In: Response: a0 
12:22:56.966 INFO     SMan: hd[0]: CameraJCCP: QRead 1 bytes
12:22:56.966 INFO     SMan: hd[0]: CameraJCCP: ProcessMessage: cam response: a0 
12:22:56.966 INFO     SMan: hd[0]: CameraJCCP: rx: JCCP ACK
12:22:56.966 DEBUG    SMan: hd[0]: CameraBase: SM: WaitForNewCmdMsg: qHandler QLength is 0
12:22:56.966 DEBUG    SMan: hd[0]: CameraBase: SM: WaitForNewCmdMsg: blocking on dequeue...
12:22:56.966 INFO     PCon: hd[0]: PcSerial: PC: Serial read - sent notify from: PC:CAM1, num chars:1
12:22:56.966 INFO     PCon: hd[0]: PcSerial: CAM_Serial_ReadThread: component_id: "cam1" serial_bytes: "\222" 
12:22:56.966 INFO     SMan: hd[0]: SrcMan: SMPlatformComponentNtfyHdlr, context 0x7b97c
12:22:56.967 INFO     SMan: hd[0]: SrcMan: PlatformComponentNtfyHdlr: component_id: "cam1" serial_bytes: "\222" 
12:22:56.967 DEBUG    SMan: hd[0]: CameraBase: SM: WaitForNewCmdMsg: got message...
12:22:56.967 DEBUG    SMan: hd[0]: CameraBase: In: Response: 92 
12:22:56.967 DEBUG    SMan: hd[0]: CameraBase: SM: WaitForNewCmdMsg: qHandler QLength is 1
12:22:56.967 DEBUG    SMan: hd[0]: CameraBase: SM: WaitForNewCmdMsg: blocking on dequeue...
12:22:56.967 INFO     PCon: hd[0]: PcSerial: PC: Serial read - sent notify from: PC:CAM1, num chars:1
12:22:56.967 INFO     PCon: hd[0]: PcSerial: CAM_Serial_ReadThread: component_id: "cam1" serial_bytes: "@" 
12:22:56.968 INFO     SMan: hd[0]: SrcMan: SMPlatformComponentNtfyHdlr, context 0x7b97c
12:22:56.968 INFO     SMan: hd[0]: SrcMan: PlatformComponentNtfyHdlr: component_id: "cam1" serial_bytes: "@" 
12:22:56.968 DEBUG    SMan: hd[0]: CameraBase: SM: WaitForNewCmdMsg: got message...
12:22:56.968 DEBUG    SMan: hd[0]: CameraBase: In: Response: 40 
12:22:56.968 DEBUG    SMan: hd[0]: CameraBase: SM: WaitForNewCmdMsg: qHandler QLength is 2
12:22:56.968 DEBUG    SMan: hd[0]: CameraBase: SM: WaitForNewCmdMsg: blocking on dequeue...
12:22:56.969 INFO     PCon: hd[0]: PcSerial: PC: Serial read - sent notify from: PC:CAM1, num chars:1
12:22:56.969 INFO     PCon: hd[0]: PcSerial: CAM_Serial_ReadThread: component_id: "cam1" serial_bytes: "\000" 
12:22:56.969 INFO     SMan: hd[0]: SrcMan: SMPlatformComponentNtfyHdlr, context 0x7b97c
12:22:56.969 INFO     SMan: hd[0]: SrcMan: PlatformComponentNtfyHdlr: component_id: "cam1" serial_bytes: "\000" 
12:22:56.969 DEBUG    SMan: hd[0]: CameraBase: SM: WaitForNewCmdMsg: got message...
12:22:56.969 DEBUG    SMan: hd[0]: CameraBase: In: Response: 00 
12:22:56.969 INFO     SMan: hd[0]: CameraJCCP: QRead 3 bytes
12:22:56.969 INFO     SMan: hd[0]: CameraJCCP: ProcessMessage: cam response: 92 40 00 
12:22:56.969 INFO     SMan: hd[0]: CameraJCCP: rx: complete message 92 40 00 
12:22:56.969 INFO     SMan: hd[0]: CameraJCCP: rx: Excuted
12:22:56.969 DEBUG    SMan: hd[0]: CameraBase: SM: CameraCommandLoop: process pending cmd
12:22:56.969 DEBUG    SMan: hd[0]: CameraBase: In: Command: 21 
12:22:56.969 INFO     SMan: hd[0]: CameraJCCP: composeWbAutoGainBCmd: JCCP camera got auto gainb change to 33
12:22:56.969 INFO     SMan: hd[0]: CameraJCCP: Send 5 bytes: 84 43 43 1 0 
12:22:56.969 INFO     SMan: hd[0]: SrcMan: 84 43 43 01 00 
12:22:56.970 INFO     SMan: hd[0]: SrcMan: PortNear SrcManPortNear1 Controller 0 SendMessage: component_id: "cam1" serial_write { serial_bytes: "\204CC\001\000" } 
12:22:56.970 INFO     SMan: hd[0]: SrcMan: SendMessage: local port controller 
12:22:56.970 INFO     SMan: hd[0]: SrcMan: SendToEndpoint from SrcManPortNear1 to PortController
12:22:56.970 INFO     PCon: hd[0]: PcThreads: PC: NETRA0 input thread received CMD/REQ Msg - Comp_ID = cam1
12:22:56.970 INFO     PCon: hd[0]: PcThreads: PC_ProcessMsg: component_id: "cam1" serial_write { serial_bytes: "\204CC\001\000" } 
12:22:56.970 INFO     PCon: hd[0]: PcSerial: Not CAM CTRL mode:  Send to CAMx ser HDCI
12:22:56.970 INFO     SMan: hd[0]: SrcMan: SendMessage: component_id: "cam1" error: kErrNoError 
12:22:56.970 DEBUG    SMan: hd[0]: CameraBase: SM: WaitForNewCmdMsg: qHandler QLength is 0
12:22:56.970 DEBUG    SMan: hd[0]: CameraBase: SM: WaitForNewCmdMsg: blocking on dequeue...
12:22:56.977 INFO     PCon: hd[0]: PcSerial: PC: Serial read - sent notify from: PC:CAM1, num chars:1
12:22:56.978 INFO     PCon: hd[0]: PcSerial: CAM_Serial_ReadThread: component_id: "cam1" serial_bytes: "\240" 
12:22:56.978 INFO     SMan: hd[0]: SrcMan: SMPlatformComponentNtfyHdlr, context 0x7b97c
12:22:56.978 INFO     SMan: hd[0]: SrcMan: PlatformComponentNtfyHdlr: component_id: "cam1" serial_bytes: "\240" 
12:22:56.979 DEBUG    SMan: hd[0]: CameraBase: SM: WaitForNewCmdMsg: got message...
12:22:56.979 DEBUG    SMan: hd[0]: CameraBase: In: Response: a0 
12:22:56.979 INFO     SMan: hd[0]: CameraJCCP: QRead 1 bytes
12:22:56.979 INFO     SMan: hd[0]: CameraJCCP: ProcessMessage: cam response: a0 
12:22:56.979 INFO     SMan: hd[0]: CameraJCCP: rx: JCCP ACK
12:22:56.979 DEBUG    SMan: hd[0]: CameraBase: SM: WaitForNewCmdMsg: qHandler QLength is 0
12:22:56.979 DEBUG    SMan: hd[0]: CameraBase: SM: WaitForNewCmdMsg: blocking on dequeue...
12:22:56.979 INFO     PCon: hd[0]: PcSerial: PC: Serial read - sent notify from: PC:CAM1, num chars:1
12:22:56.979 INFO     PCon: hd[0]: PcSerial: CAM_Serial_ReadThread: component_id: "cam1" serial_bytes: "\222" 
12:22:56.980 INFO     SMan: hd[0]: SrcMan: SMPlatformComponentNtfyHdlr, context 0x7b97c
12:22:56.980 INFO     SMan: hd[0]: SrcMan: PlatformComponentNtfyHdlr: component_id: "cam1" serial_bytes: "\222" 
12:22:56.980 INFO     PCon: hd[0]: PcSerial: PC: Serial read - sent notify from: PC:CAM1, num chars:1
12:22:56.980 INFO     PCon: hd[0]: PcSerial: CAM_Serial_ReadThread: component_id: "cam1" serial_bytes: "@" 
12:22:56.980 DEBUG    SMan: hd[0]: CameraBase: SM: WaitForNewCmdMsg: got message...
12:22:56.980 DEBUG    SMan: hd[0]: CameraBase: In: Response: 92 
12:22:56.980 DEBUG    SMan: hd[0]: CameraBase: SM: WaitForNewCmdMsg: qHandler QLength is 1
12:22:56.980 DEBUG    SMan: hd[0]: CameraBase: SM: WaitForNewCmdMsg: blocking on dequeue...
12:22:56.981 INFO     SMan: hd[0]: SrcMan: SMPlatformComponentNtfyHdlr, context 0x7b97c
12:22:56.981 INFO     SMan: hd[0]: SrcMan: PlatformComponentNtfyHdlr: component_id: "cam1" serial_bytes: "@" 
12:22:56.981 DEBUG    SMan: hd[0]: CameraBase: SM: WaitForNewCmdMsg: got message...
12:22:56.981 DEBUG    SMan: hd[0]: CameraBase: In: Response: 40 
12:22:56.981 DEBUG    SMan: hd[0]: CameraBase: SM: WaitForNewCmdMsg: qHandler QLength is 2
12:22:56.981 DEBUG    SMan: hd[0]: CameraBase: SM: WaitForNewCmdMsg: blocking on dequeue...
12:22:56.981 INFO     PCon: hd[0]: PcSerial: PC: Serial read - sent notify from: PC:CAM1, num chars:1
12:22:56.981 INFO     PCon: hd[0]: PcSerial: CAM_Serial_ReadThread: component_id: "cam1" serial_bytes: "\000" 
12:22:56.981 INFO     SMan: hd[0]: SrcMan: SMPlatformComponentNtfyHdlr, context 0x7b97c
12:22:56.981 INFO     SMan: hd[0]: SrcMan: PlatformComponentNtfyHdlr: component_id: "cam1" serial_bytes: "\000" 
12:22:56.982 DEBUG    SMan: hd[0]: CameraBase: SM: WaitForNewCmdMsg: got message...
12:22:56.982 DEBUG    SMan: hd[0]: CameraBase: In: Response: 00 
12:22:56.982 INFO     SMan: hd[0]: CameraJCCP: QRead 3 bytes
12:22:56.982 INFO     SMan: hd[0]: CameraJCCP: ProcessMessage: cam response: 92 40 00 
12:22:56.982 INFO     SMan: hd[0]: CameraJCCP: rx: complete message 92 40 00 
12:22:56.982 INFO     SMan: hd[0]: CameraJCCP: rx: Excuted
12:22:56.982 DEBUG    SMan: hd[0]: CameraBase: SM: CameraCommandLoop: process pending cmd
12:22:56.982 DEBUG    SMan: hd[0]: CameraBase: In: Command: 01 
12:22:56.982 INFO     SMan: hd[0]: CameraJCCP: composeWhiteBalanceCmd: JCCP camera got white balance change to mode 1
12:22:56.982 INFO     SMan: hd[0]: CameraJCCP: Send 4 bytes: 83 42 12 1 
12:22:56.982 INFO     SMan: hd[0]: SrcMan: 83 42 12 01 
12:22:56.982 INFO     SMan: hd[0]: SrcMan: PortNear SrcManPortNear1 Controller 0 SendMessage: component_id: "cam1" serial_write { serial_bytes: "\203B\022\001" } 
12:22:56.982 INFO     SMan: hd[0]: SrcMan: SendMessage: local port controller 
12:22:56.982 INFO     SMan: hd[0]: SrcMan: SendToEndpoint from SrcManPortNear1 to PortController
12:22:56.982 INFO     PCon: hd[0]: PcThreads: PC: NETRA0 input thread received CMD/REQ Msg - Comp_ID = cam1
12:22:56.982 INFO     PCon: hd[0]: PcThreads: PC_ProcessMsg: component_id: "cam1" serial_write { serial_bytes: "\203B\022\001" } 
12:22:56.982 INFO     PCon: hd[0]: PcSerial: Not CAM CTRL mode:  Send to CAMx ser HDCI
12:22:56.983 INFO     SMan: hd[0]: SrcMan: SendMessage: component_id: "cam1" error: kErrNoError 
12:22:56.983 DEBUG    SMan: hd[0]: CameraBase: SM: WaitForNewCmdMsg: qHandler QLength is 0
12:22:56.983 DEBUG    SMan: hd[0]: CameraBase: SM: WaitForNewCmdMsg: blocking on dequeue...
12:22:56.989 INFO     PCon: hd[0]: PcSerial: PC: Serial read - sent notify from: PC:CAM1, num chars:1
12:22:56.989 INFO     PCon: hd[0]: PcSerial: CAM_Serial_ReadThread: component_id: "cam1" serial_bytes: "\240" 
12:22:56.989 INFO     SMan: hd[0]: SrcMan: SMPlatformComponentNtfyHdlr, context 0x7b97c
12:22:56.989 INFO     SMan: hd[0]: SrcMan: PlatformComponentNtfyHdlr: component_id: "cam1" serial_bytes: "\240" 
12:22:56.990 DEBUG    SMan: hd[0]: CameraBase: SM: WaitForNewCmdMsg: got message...
12:22:56.990 DEBUG    SMan: hd[0]: CameraBase: In: Response: a0 
12:22:56.990 INFO     SMan: hd[0]: CameraJCCP: QRead 1 bytes
12:22:56.990 INFO     SMan: hd[0]: CameraJCCP: ProcessMessage: cam response: a0 
12:22:56.990 INFO     SMan: hd[0]: CameraJCCP: rx: JCCP ACK
12:22:56.990 DEBUG    SMan: hd[0]: CameraBase: SM: WaitForNewCmdMsg: qHandler QLength is 0
12:22:56.990 DEBUG    SMan: hd[0]: CameraBase: SM: WaitForNewCmdMsg: blocking on dequeue...
12:22:56.990 INFO     PCon: hd[0]: PcSerial: PC: Serial read - sent notify from: PC:CAM1, num chars:1
12:22:56.990 INFO     PCon: hd[0]: PcSerial: CAM_Serial_ReadThread: component_id: "cam1" serial_bytes: "\222" 
12:22:56.991 INFO     SMan: hd[0]: SrcMan: SMPlatformComponentNtfyHdlr, context 0x7b97c
12:22:56.991 INFO     SMan: hd[0]: SrcMan: PlatformComponentNtfyHdlr: component_id: "cam1" serial_bytes: "\222" 
12:22:56.991 DEBUG    SMan: hd[0]: CameraBase: SM: WaitForNewCmdMsg: got message...
12:22:56.991 DEBUG    SMan: hd[0]: CameraBase: In: Response: 92 
12:22:56.991 DEBUG    SMan: hd[0]: CameraBase: SM: WaitForNewCmdMsg: qHandler QLength is 1
12:22:56.991 DEBUG    SMan: hd[0]: CameraBase: SM: WaitForNewCmdMsg: blocking on dequeue...
12:22:56.991 INFO     PCon: hd[0]: PcSerial: PC: Serial read - sent notify from: PC:CAM1, num chars:1
12:22:56.991 INFO     PCon: hd[0]: PcSerial: CAM_Serial_ReadThread: component_id: "cam1" serial_bytes: "@" 
12:22:56.992 INFO     SMan: hd[0]: SrcMan: SMPlatformComponentNtfyHdlr, context 0x7b97c
12:22:56.992 INFO     SMan: hd[0]: SrcMan: PlatformComponentNtfyHdlr: component_id: "cam1" serial_bytes: "@" 
12:22:56.992 DEBUG    SMan: hd[0]: CameraBase: SM: WaitForNewCmdMsg: got message...
12:22:56.992 DEBUG    SMan: hd[0]: CameraBase: In: Response: 40 
12:22:56.992 DEBUG    SMan: hd[0]: CameraBase: SM: WaitForNewCmdMsg: qHandler QLength is 2
12:22:56.992 DEBUG    SMan: hd[0]: CameraBase: SM: WaitForNewCmdMsg: blocking on dequeue...
12:22:56.992 INFO     PCon: hd[0]: PcSerial: PC: Serial read - sent notify from: PC:CAM1, num chars:1
12:22:56.992 INFO     PCon: hd[0]: PcSerial: CAM_Serial_ReadThread: component_id: "cam1" serial_bytes: "\000" 
12:22:56.992 INFO     SMan: hd[0]: SrcMan: SMPlatformComponentNtfyHdlr, context 0x7b97c
12:22:56.992 INFO     SMan: hd[0]: SrcMan: PlatformComponentNtfyHdlr: component_id: "cam1" serial_bytes: "\000" 
12:22:56.993 DEBUG    SMan: hd[0]: CameraBase: SM: WaitForNewCmdMsg: got message...
12:22:56.993 DEBUG    SMan: hd[0]: CameraBase: In: Response: 00 
12:22:56.993 INFO     SMan: hd[0]: CameraJCCP: QRead 3 bytes
12:22:56.993 INFO     SMan: hd[0]: CameraJCCP: ProcessMessage: cam response: 92 40 00 
12:22:56.993 INFO     SMan: hd[0]: CameraJCCP: rx: complete message 92 40 00 
12:22:56.993 INFO     SMan: hd[0]: CameraJCCP: rx: Excuted
12:22:56.993 DEBUG    SMan: hd[0]: CameraBase: SM: CameraCommandLoop: process pending cmd
12:22:56.993 DEBUG    SMan: hd[0]: CameraBase: In: Command: 00 
12:22:56.993 INFO     SMan: hd[0]: CameraEagleEyeIV: composeBackLightCmd: JCCP EEIV camera got back light change to mode 0
12:22:56.993 INFO     SMan: hd[0]: CameraEagleEyeIV: Send 4 bytes: 83 42 15 0 
12:22:56.993 INFO     SMan: hd[0]: SrcMan: 83 42 15 00 
12:22:56.993 INFO     SMan: hd[0]: SrcMan: PortNear SrcManPortNear1 Controller 0 SendMessage: component_id: "cam1" serial_write { serial_bytes: "\203B\025\000" } 
12:22:56.993 INFO     SMan: hd[0]: SrcMan: SendMessage: local port controller 
12:22:56.993 INFO     SMan: hd[0]: SrcMan: SendToEndpoint from SrcManPortNear1 to PortController
12:22:56.993 INFO     PCon: hd[0]: PcThreads: PC: NETRA0 input thread received CMD/REQ Msg - Comp_ID = cam1
12:22:56.993 INFO     PCon: hd[0]: PcThreads: PC_ProcessMsg: component_id: "cam1" serial_write { serial_bytes: "\203B\025\000" } 
12:22:56.993 INFO     PCon: hd[0]: PcSerial: Not CAM CTRL mode:  Send to CAMx ser HDCI
12:22:56.994 INFO     SMan: hd[0]: SrcMan: SendMessage: component_id: "cam1" error: kErrNoError 
12:22:56.994 DEBUG    SMan: hd[0]: CameraBase: SM: WaitForNewCmdMsg: qHandler QLength is 0
12:22:56.994 DEBUG    SMan: hd[0]: CameraBase: SM: WaitForNewCmdMsg: blocking on dequeue...
12:22:57.000 INFO     PCon: hd[0]: PcSerial: PC: Serial read - sent notify from: PC:CAM1, num chars:1
12:22:57.000 INFO     PCon: hd[0]: PcSerial: CAM_Serial_ReadThread: component_id: "cam1" serial_bytes: "\240" 
12:22:57.000 INFO     SMan: hd[0]: SrcMan: SMPlatformComponentNtfyHdlr, context 0x7b97c
12:22:57.000 INFO     SMan: hd[0]: SrcMan: PlatformComponentNtfyHdlr: component_id: "cam1" serial_bytes: "\240" 
12:22:57.000 DEBUG    SMan: hd[0]: CameraBase: SM: WaitForNewCmdMsg: got message...
12:22:57.000 DEBUG    SMan: hd[0]: CameraBase: In: Response: a0 
12:22:57.000 INFO     SMan: hd[0]: CameraJCCP: QRead 1 bytes
12:22:57.000 INFO     SMan: hd[0]: CameraJCCP: ProcessMessage: cam response: a0 
12:22:57.000 INFO     SMan: hd[0]: CameraJCCP: rx: JCCP ACK
12:22:57.001 DEBUG    SMan: hd[0]: CameraBase: SM: WaitForNewCmdMsg: qHandler QLength is 0
12:22:57.001 DEBUG    SMan: hd[0]: CameraBase: SM: WaitForNewCmdMsg: blocking on dequeue...
12:22:57.001 INFO     PCon: hd[0]: PcSerial: PC: Serial read - sent notify from: PC:CAM1, num chars:1
12:22:57.001 INFO     PCon: hd[0]: PcSerial: CAM_Serial_ReadThread: component_id: "cam1" serial_bytes: "\222" 
12:22:57.002 INFO     SMan: hd[0]: SrcMan: SMPlatformComponentNtfyHdlr, context 0x7b97c
12:22:57.002 INFO     SMan: hd[0]: SrcMan: PlatformComponentNtfyHdlr: component_id: "cam1" serial_bytes: "\222" 
12:22:57.002 DEBUG    SMan: hd[0]: CameraBase: SM: WaitForNewCmdMsg: got message...
12:22:57.002 DEBUG    SMan: hd[0]: CameraBase: In: Response: 92 
12:22:57.002 DEBUG    SMan: hd[0]: CameraBase: SM: WaitForNewCmdMsg: qHandler QLength is 1
12:22:57.002 DEBUG    SMan: hd[0]: CameraBase: SM: WaitForNewCmdMsg: blocking on dequeue...
12:22:57.002 INFO     PCon: hd[0]: PcSerial: PC: Serial read - sent notify from: PC:CAM1, num chars:1
12:22:57.002 INFO     PCon: hd[0]: PcSerial: CAM_Serial_ReadThread: component_id: "cam1" serial_bytes: "@" 
12:22:57.002 INFO     SMan: hd[0]: SrcMan: SMPlatformComponentNtfyHdlr, context 0x7b97c
12:22:57.003 INFO     SMan: hd[0]: SrcMan: PlatformComponentNtfyHdlr: component_id: "cam1" serial_bytes: "@" 
12:22:57.003 DEBUG    SMan: hd[0]: CameraBase: SM: WaitForNewCmdMsg: got message...
12:22:57.003 DEBUG    SMan: hd[0]: CameraBase: In: Response: 40 
12:22:57.003 DEBUG    SMan: hd[0]: CameraBase: SM: WaitForNewCmdMsg: qHandler QLength is 2
12:22:57.003 DEBUG    SMan: hd[0]: CameraBase: SM: WaitForNewCmdMsg: blocking on dequeue...
12:22:57.003 INFO     PCon: hd[0]: PcSerial: PC: Serial read - sent notify from: PC:CAM1, num chars:1
12:22:57.003 INFO     PCon: hd[0]: PcSerial: CAM_Serial_ReadThread: component_id: "cam1" serial_bytes: "\000" 
12:22:57.003 INFO     SMan: hd[0]: SrcMan: SMPlatformComponentNtfyHdlr, context 0x7b97c
12:22:57.003 INFO     SMan: hd[0]: SrcMan: PlatformComponentNtfyHdlr: component_id: "cam1" serial_bytes: "\000" 
12:22:57.004 DEBUG    SMan: hd[0]: CameraBase: SM: WaitForNewCmdMsg: got message...
12:22:57.004 DEBUG    SMan: hd[0]: CameraBase: In: Response: 00 
12:22:57.004 INFO     SMan: hd[0]: CameraJCCP: QRead 3 bytes
12:22:57.004 INFO     SMan: hd[0]: CameraJCCP: ProcessMessage: cam response: 92 40 00 
12:22:57.004 INFO     SMan: hd[0]: CameraJCCP: rx: complete message 92 40 00 
12:22:57.004 INFO     SMan: hd[0]: CameraJCCP: rx: Excuted
12:22:57.004 DEBUG    SMan: hd[0]: CameraBase: SM: CameraCommandLoop: process pending cmd
12:22:57.004 DEBUG    SMan: hd[0]: CameraBase: In: Command: 3e8 fa 40 1f8 
12:22:57.004 INFO     SMan: hd[0]: CameraJCCP: Send 14 bytes: 8d 41 51 24 0 3 68 0 0 7a 3 0 0 40 
12:22:57.004 INFO     SMan: hd[0]: SrcMan: 8D 41 51 24 00 03 68 00 00 7A 03 00 00 40 
12:22:57.004 INFO     SMan: hd[0]: SrcMan: PortNear SrcManPortNear1 Controller 0 SendMessage: component_id: "cam1" serial_write { serial_bytes: "\215AQ$\000\003h\000\000z\003\000\000@" } 
12:22:57.004 INFO     SMan: hd[0]: SrcMan: SendMessage: local port controller 
12:22:57.004 INFO     SMan: hd[0]: SrcMan: SendToEndpoint from SrcManPortNear1 to PortController
12:22:57.004 INFO     PCon: hd[0]: PcThreads: PC: NETRA0 input thread received CMD/REQ Msg - Comp_ID = cam1
12:22:57.004 INFO     PCon: hd[0]: PcThreads: PC_ProcessMsg: component_id: "cam1" serial_write { serial_bytes: "\215AQ$\000\003h\000\000z\003\000\000@" } 
12:22:57.005 INFO     PCon: hd[0]: PcSerial: Not CAM CTRL mode:  Send to CAMx ser HDCI
12:22:57.005 INFO     SMan: hd[0]: SrcMan: SendMessage: component_id: "cam1" error: kErrNoError 
12:22:57.005 DEBUG    SMan: hd[0]: CameraBase: SM: WaitForNewCmdMsg: qHandler QLength is 0
12:22:57.005 DEBUG    SMan: hd[0]: CameraBase: SM: WaitForNewCmdMsg: blocking on dequeue...
12:22:57.022 INFO     PCon: hd[0]: PcSerial: PC: Serial read - sent notify from: PC:CAM1, num chars:1
12:22:57.022 INFO     PCon: hd[0]: PcSerial: CAM_Serial_ReadThread: component_id: "cam1" serial_bytes: "\240" 
12:22:57.023 INFO     SMan: hd[0]: SrcMan: SMPlatformComponentNtfyHdlr, context 0x7b97c
12:22:57.023 INFO     SMan: hd[0]: SrcMan: PlatformComponentNtfyHdlr: component_id: "cam1" serial_bytes: "\240" 
12:22:57.023 DEBUG    SMan: hd[0]: CameraBase: SM: WaitForNewCmdMsg: got message...
12:22:57.023 DEBUG    SMan: hd[0]: CameraBase: In: Response: a0 
12:22:57.023 INFO     SMan: hd[0]: CameraJCCP: QRead 1 bytes
12:22:57.023 INFO     SMan: hd[0]: CameraJCCP: ProcessMessage: cam response: a0 
12:22:57.023 INFO     SMan: hd[0]: CameraJCCP: rx: JCCP ACK
12:22:57.023 DEBUG    SMan: hd[0]: CameraBase: SM: WaitForNewCmdMsg: qHandler QLength is 0
12:22:57.023 DEBUG    SMan: hd[0]: CameraBase: SM: WaitForNewCmdMsg: blocking on dequeue...
12:22:57.024 INFO     PCon: hd[0]: PcSerial: PC: Serial read - sent notify from: PC:CAM1, num chars:1
12:22:57.024 INFO     PCon: hd[0]: PcSerial: CAM_Serial_ReadThread: component_id: "cam1" serial_bytes: "\222" 
12:22:57.024 INFO     SMan: hd[0]: SrcMan: SMPlatformComponentNtfyHdlr, context 0x7b97c
12:22:57.024 INFO     SMan: hd[0]: SrcMan: PlatformComponentNtfyHdlr: component_id: "cam1" serial_bytes: "\222" 
12:22:57.024 DEBUG    SMan: hd[0]: CameraBase: SM: WaitForNewCmdMsg: got message...
12:22:57.024 DEBUG    SMan: hd[0]: CameraBase: In: Response: 92 
12:22:57.024 DEBUG    SMan: hd[0]: CameraBase: SM: WaitForNewCmdMsg: qHandler QLength is 1
12:22:57.024 DEBUG    SMan: hd[0]: CameraBase: SM: WaitForNewCmdMsg: blocking on dequeue...
12:22:57.024 INFO     PCon: hd[0]: PcSerial: PC: Serial read - sent notify from: PC:CAM1, num chars:1
12:22:57.025 INFO     PCon: hd[0]: PcSerial: CAM_Serial_ReadThread: component_id: "cam1" serial_bytes: "@" 
12:22:57.025 INFO     SMan: hd[0]: SrcMan: SMPlatformComponentNtfyHdlr, context 0x7b97c
12:22:57.025 INFO     SMan: hd[0]: SrcMan: PlatformComponentNtfyHdlr: component_id: "cam1" serial_bytes: "@" 
12:22:57.025 DEBUG    SMan: hd[0]: CameraBase: SM: WaitForNewCmdMsg: got message...
12:22:57.025 DEBUG    SMan: hd[0]: CameraBase: In: Response: 40 
12:22:57.025 DEBUG    SMan: hd[0]: CameraBase: SM: WaitForNewCmdMsg: qHandler QLength is 2
12:22:57.025 DEBUG    SMan: hd[0]: CameraBase: SM: WaitForNewCmdMsg: blocking on dequeue...
12:22:57.026 INFO     PCon: hd[0]: PcSerial: PC: Serial read - sent notify from: PC:CAM1, num chars:1
12:22:57.026 INFO     PCon: hd[0]: PcSerial: CAM_Serial_ReadThread: component_id: "cam1" serial_bytes: "\000" 
12:22:57.026 INFO     SMan: hd[0]: SrcMan: SMPlatformComponentNtfyHdlr, context 0x7b97c
12:22:57.026 INFO     SMan: hd[0]: SrcMan: PlatformComponentNtfyHdlr: component_id: "cam1" serial_bytes: "\000" 
12:22:57.026 DEBUG    SMan: hd[0]: CameraBase: SM: WaitForNewCmdMsg: got message...
12:22:57.026 DEBUG    SMan: hd[0]: CameraBase: In: Response: 00 
12:22:57.026 INFO     SMan: hd[0]: CameraJCCP: QRead 3 bytes
12:22:57.026 INFO     SMan: hd[0]: CameraJCCP: ProcessMessage: cam response: 92 40 00 
12:22:57.026 INFO     SMan: hd[0]: CameraJCCP: rx: complete message 92 40 00 
12:22:57.026 INFO     SMan: hd[0]: CameraJCCP: rx: Excuted
12:22:57.026 DEBUG    SMan: hd[0]: CameraBase: SM: CameraCommandLoop: process pending cmd
12:22:57.026 DEBUG    SMan: hd[0]: CameraBase: In: Command: 00 00 00 
12:22:57.026 INFO     SMan: hd[0]: CameraEagleEyeIV: composeLEDControlCmd: CameraEagleEyeIV camera got led control command, part 1, call state = 0, mute state = 0
12:22:57.026 INFO     SMan: hd[0]: CameraEagleEyeIV: composeLEDControlCmd: System is not in a call, and not sleeping, set camera led to blue
12:22:57.026 INFO     SMan: hd[0]: CameraEagleEyeIV: Send 5 bytes: 84 41 21 2 10 
12:22:57.026 INFO     SMan: hd[0]: SrcMan: 84 41 21 02 10 
12:22:57.026 INFO     SMan: hd[0]: SrcMan: PortNear SrcManPortNear1 Controller 0 SendMessage: component_id: "cam1" serial_write { serial_bytes: "\204A!\002\020" } 
12:22:57.027 INFO     SMan: hd[0]: SrcMan: SendMessage: local port controller 
12:22:57.027 INFO     SMan: hd[0]: SrcMan: SendToEndpoint from SrcManPortNear1 to PortController
12:22:57.027 INFO     PCon: hd[0]: PcThreads: PC: NETRA0 input thread received CMD/REQ Msg - Comp_ID = cam1
12:22:57.027 INFO     PCon: hd[0]: PcThreads: PC_ProcessMsg: component_id: "cam1" serial_write { serial_bytes: "\204A!\002\020" } 
12:22:57.027 INFO     PCon: hd[0]: PcSerial: Not CAM CTRL mode:  Send to CAMx ser HDCI
12:22:57.027 INFO     SMan: hd[0]: SrcMan: SendMessage: component_id: "cam1" error: kErrNoError 
12:22:57.027 DEBUG    SMan: hd[0]: CameraBase: SM: WaitForNewCmdMsg: qHandler QLength is 0
12:22:57.027 DEBUG    SMan: hd[0]: CameraBase: SM: WaitForNewCmdMsg: blocking on dequeue...
12:22:57.034 INFO     PCon: hd[0]: PcSerial: PC: Serial read - sent notify from: PC:CAM1, num chars:1
12:22:57.035 INFO     PCon: hd[0]: PcSerial: CAM_Serial_ReadThread: component_id: "cam1" serial_bytes: "\240" 
12:22:57.035 INFO     SMan: hd[0]: SrcMan: SMPlatformComponentNtfyHdlr, context 0x7b97c
12:22:57.035 INFO     SMan: hd[0]: SrcMan: PlatformComponentNtfyHdlr: component_id: "cam1" serial_bytes: "\240" 
12:22:57.035 DEBUG    SMan: hd[0]: CameraBase: SM: WaitForNewCmdMsg: got message...
12:22:57.035 DEBUG    SMan: hd[0]: CameraBase: In: Response: a0 
12:22:57.035 INFO     SMan: hd[0]: CameraJCCP: QRead 1 bytes
12:22:57.035 INFO     SMan: hd[0]: CameraJCCP: ProcessMessage: cam response: a0 
12:22:57.035 INFO     SMan: hd[0]: CameraJCCP: rx: JCCP ACK
12:22:57.035 DEBUG    SMan: hd[0]: CameraBase: SM: WaitForNewCmdMsg: qHandler QLength is 0
12:22:57.035 DEBUG    SMan: hd[0]: CameraBase: SM: WaitForNewCmdMsg: blocking on dequeue...
12:22:57.035 INFO     PCon: hd[0]: PcSerial: PC: Serial read - sent notify from: PC:CAM1, num chars:1
12:22:57.036 INFO     PCon: hd[0]: PcSerial: CAM_Serial_ReadThread: component_id: "cam1" serial_bytes: "\222" 
12:22:57.036 INFO     SMan: hd[0]: SrcMan: SMPlatformComponentNtfyHdlr, context 0x7b97c
12:22:57.036 INFO     SMan: hd[0]: SrcMan: PlatformComponentNtfyHdlr: component_id: "cam1" serial_bytes: "\222" 
12:22:57.036 DEBUG    SMan: hd[0]: CameraBase: SM: WaitForNewCmdMsg: got message...
12:22:57.036 DEBUG    SMan: hd[0]: CameraBase: In: Response: 92 
12:22:57.036 DEBUG    SMan: hd[0]: CameraBase: SM: WaitForNewCmdMsg: qHandler QLength is 1
12:22:57.036 DEBUG    SMan: hd[0]: CameraBase: SM: WaitForNewCmdMsg: blocking on dequeue...
12:22:57.037 INFO     PCon: hd[0]: PcSerial: PC: Serial read - sent notify from: PC:CAM1, num chars:1
12:22:57.037 INFO     PCon: hd[0]: PcSerial: CAM_Serial_ReadThread: component_id: "cam1" serial_bytes: "@" 
12:22:57.037 INFO     SMan: hd[0]: SrcMan: SMPlatformComponentNtfyHdlr, context 0x7b97c
12:22:57.037 INFO     SMan: hd[0]: SrcMan: PlatformComponentNtfyHdlr: component_id: "cam1" serial_bytes: "@" 
12:22:57.037 DEBUG    SMan: hd[0]: CameraBase: SM: WaitForNewCmdMsg: got message...
12:22:57.037 DEBUG    SMan: hd[0]: CameraBase: In: Response: 40 
12:22:57.037 DEBUG    SMan: hd[0]: CameraBase: SM: WaitForNewCmdMsg: qHandler QLength is 2
12:22:57.037 DEBUG    SMan: hd[0]: CameraBase: SM: WaitForNewCmdMsg: blocking on dequeue...
12:22:57.038 INFO     PCon: hd[0]: PcSerial: PC: Serial read - sent notify from: PC:CAM1, num chars:1
12:22:57.038 INFO     PCon: hd[0]: PcSerial: CAM_Serial_ReadThread: component_id: "cam1" serial_bytes: "\000" 
12:22:57.038 INFO     SMan: hd[0]: SrcMan: SMPlatformComponentNtfyHdlr, context 0x7b97c
12:22:57.038 INFO     SMan: hd[0]: SrcMan: PlatformComponentNtfyHdlr: component_id: "cam1" serial_bytes: "\000" 
12:22:57.038 DEBUG    SMan: hd[0]: CameraBase: SM: WaitForNewCmdMsg: got message...
12:22:57.038 DEBUG    SMan: hd[0]: CameraBase: In: Response: 00 
12:22:57.038 INFO     SMan: hd[0]: CameraJCCP: QRead 3 bytes
12:22:57.038 INFO     SMan: hd[0]: CameraJCCP: ProcessMessage: cam response: 92 40 00 
12:22:57.038 INFO     SMan: hd[0]: CameraJCCP: rx: complete message 92 40 00 
12:22:57.038 INFO     SMan: hd[0]: CameraJCCP: rx: Excuted
12:22:57.039 DEBUG    SMan: hd[0]: CameraBase: SM: CameraCommandLoop: process pending cmd
12:22:57.039 DEBUG    SMan: hd[0]: CameraBase: In: Command: 01 00 00 
12:22:57.039 INFO     SMan: hd[0]: CameraEagleEyeIV: composeLEDControlCmd: CameraEagleEyeIV camera got mute control command, part 2, call state = 0, mute state = 0
12:22:57.039 INFO     SMan: hd[0]: CameraEagleEyeIV: Send 6 bytes: 85 41 25 8 8 8 
12:22:57.039 INFO     SMan: hd[0]: SrcMan: 85 41 25 08 08 08 
12:22:57.039 INFO     SMan: hd[0]: SrcMan: PortNear SrcManPortNear1 Controller 0 SendMessage: component_id: "cam1" serial_write { serial_bytes: "\205A%\010\010\010" } 
12:22:57.039 INFO     SMan: hd[0]: SrcMan: SendMessage: local port controller 
12:22:57.039 INFO     SMan: hd[0]: SrcMan: SendToEndpoint from SrcManPortNear1 to PortController
12:22:57.039 INFO     PCon: hd[0]: PcThreads: PC: NETRA0 input thread received CMD/REQ Msg - Comp_ID = cam1
12:22:57.039 INFO     PCon: hd[0]: PcThreads: PC_ProcessMsg: component_id: "cam1" serial_write { serial_bytes: "\205A%\010\010\010" } 
12:22:57.039 INFO     PCon: hd[0]: PcSerial: Not CAM CTRL mode:  Send to CAMx ser HDCI
12:22:57.040 INFO     SMan: hd[0]: SrcMan: SendMessage: component_id: "cam1" error: kErrNoError 
12:22:57.040 DEBUG    SMan: hd[0]: CameraBase: SM: WaitForNewCmdMsg: qHandler QLength is 0
12:22:57.040 DEBUG    SMan: hd[0]: CameraBase: SM: WaitForNewCmdMsg: blocking on dequeue...
12:22:57.048 INFO     PCon: hd[0]: PcSerial: PC: Serial read - sent notify from: PC:CAM1, num chars:1
12:22:57.048 INFO     PCon: hd[0]: PcSerial: CAM_Serial_ReadThread: component_id: "cam1" serial_bytes: "\240" 
12:22:57.048 INFO     SMan: hd[0]: SrcMan: SMPlatformComponentNtfyHdlr, context 0x7b97c
12:22:57.048 INFO     SMan: hd[0]: SrcMan: PlatformComponentNtfyHdlr: component_id: "cam1" serial_bytes: "\240" 
12:22:57.049 DEBUG    SMan: hd[0]: CameraBase: SM: WaitForNewCmdMsg: got message...
12:22:57.049 DEBUG    SMan: hd[0]: CameraBase: In: Response: a0 
12:22:57.049 INFO     SMan: hd[0]: CameraJCCP: QRead 1 bytes
12:22:57.049 INFO     SMan: hd[0]: CameraJCCP: ProcessMessage: cam response: a0 
12:22:57.049 INFO     SMan: hd[0]: CameraJCCP: rx: JCCP ACK
12:22:57.049 DEBUG    SMan: hd[0]: CameraBase: SM: WaitForNewCmdMsg: qHandler QLength is 0
12:22:57.049 DEBUG    SMan: hd[0]: CameraBase: SM: WaitForNewCmdMsg: blocking on dequeue...
12:22:57.049 INFO     PCon: hd[0]: PcSerial: PC: Serial read - sent notify from: PC:CAM1, num chars:1
12:22:57.049 INFO     PCon: hd[0]: PcSerial: CAM_Serial_ReadThread: component_id: "cam1" serial_bytes: "\222" 
12:22:57.049 INFO     SMan: hd[0]: SrcMan: SMPlatformComponentNtfyHdlr, context 0x7b97c
12:22:57.049 INFO     SMan: hd[0]: SrcMan: PlatformComponentNtfyHdlr: component_id: "cam1" serial_bytes: "\222" 
12:22:57.050 DEBUG    SMan: hd[0]: CameraBase: SM: WaitForNewCmdMsg: got message...
12:22:57.050 DEBUG    SMan: hd[0]: CameraBase: In: Response: 92 
12:22:57.050 DEBUG    SMan: hd[0]: CameraBase: SM: WaitForNewCmdMsg: qHandler QLength is 1
12:22:57.050 DEBUG    SMan: hd[0]: CameraBase: SM: WaitForNewCmdMsg: blocking on dequeue...
12:22:57.050 INFO     PCon: hd[0]: PcSerial: PC: Serial read - sent notify from: PC:CAM1, num chars:1
12:22:57.050 INFO     PCon: hd[0]: PcSerial: CAM_Serial_ReadThread: component_id: "cam1" serial_bytes: "@" 
12:22:57.050 INFO     SMan: hd[0]: SrcMan: SMPlatformComponentNtfyHdlr, context 0x7b97c
12:22:57.050 INFO     SMan: hd[0]: SrcMan: PlatformComponentNtfyHdlr: component_id: "cam1" serial_bytes: "@" 
12:22:57.051 DEBUG    SMan: hd[0]: CameraBase: SM: WaitForNewCmdMsg: got message...
12:22:57.051 DEBUG    SMan: hd[0]: CameraBase: In: Response: 40 
12:22:57.051 DEBUG    SMan: hd[0]: CameraBase: SM: WaitForNewCmdMsg: qHandler QLength is 2
12:22:57.051 DEBUG    SMan: hd[0]: CameraBase: SM: WaitForNewCmdMsg: blocking on dequeue...
12:22:57.051 INFO     PCon: hd[0]: PcSerial: PC: Serial read - sent notify from: PC:CAM1, num chars:1
12:22:57.051 INFO     PCon: hd[0]: PcSerial: CAM_Serial_ReadThread: component_id: "cam1" serial_bytes: "\000" 
12:22:57.052 INFO     SMan: hd[0]: SrcMan: SMPlatformComponentNtfyHdlr, context 0x7b97c
12:22:57.052 INFO     SMan: hd[0]: SrcMan: PlatformComponentNtfyHdlr: component_id: "cam1" serial_bytes: "\000" 
12:22:57.052 DEBUG    SMan: hd[0]: CameraBase: SM: WaitForNewCmdMsg: got message...
12:22:57.052 DEBUG    SMan: hd[0]: CameraBase: In: Response: 00 
12:22:57.052 INFO     SMan: hd[0]: CameraJCCP: QRead 3 bytes
12:22:57.052 INFO     SMan: hd[0]: CameraJCCP: ProcessMessage: cam response: 92 40 00 
12:22:57.052 INFO     SMan: hd[0]: CameraJCCP: rx: complete message 92 40 00 
12:22:57.052 INFO     SMan: hd[0]: CameraJCCP: rx: Excuted
12:22:57.052 DEBUG    SMan: hd[0]: CameraBase: SM: WaitForNewCmdMsg: qHandler QLength is 0
12:22:57.052 DEBUG    SMan: hd[0]: CameraBase: SM: WaitForNewCmdMsg: blocking on dequeue...
12:23:02.536 INFO     PCon: hd[0]: PcSerial: PC: Serial read - sent notify from: PC:CAM1, num chars:1
12:23:02.537 INFO     PCon: hd[0]: PcSerial: CAM_Serial_ReadThread: component_id: "cam1" serial_bytes: "\000" 
12:23:02.537 INFO     SMan: hd[0]: SrcMan: SMPlatformComponentNtfyHdlr, context 0x7b97c
12:23:02.537 INFO     SMan: hd[0]: SrcMan: PlatformComponentNtfyHdlr: component_id: "cam1" serial_bytes: "\000" 
12:23:02.537 DEBUG    SMan: hd[0]: CameraBase: SM: WaitForNewCmdMsg: got message...
12:23:02.537 DEBUG    SMan: hd[0]: CameraBase: In: Response: 00 
12:23:02.537 ERROR    SMan: hd[0]: CameraJCCP: unrecognize camera message 00: ignore it
12:23:02.537 DEBUG    SMan: hd[0]: CameraBase: SM: WaitForNewCmdMsg: qHandler QLength is 0
12:23:02.537 DEBUG    SMan: hd[0]: CameraBase: SM: WaitForNewCmdMsg: blocking on dequeue...
12:23:05.230 ERROR    logcat: hd[0]: Syan(7806): ________________ Starting capture ________________ 
12:23:05.558 INFO     PCon: hd[0]: PcVideoIn: HDCI_VideoIn:7604/7842 event in: PC: Called SRC_RETRY ioctl!!!!!!!!!!!!!!
12:23:05.558 INFO     PCon: hd[0]: PcVideoIn: cam cam1 ATTACHED
12:23:05.558 ERROR    PCon: hd[0]: PcVideoIn: UNSUPPORTED_RESOLUTION_CONNECTED - set to 1080p blue screenPC: ERROR unrecognized resolution value, default to 1080p
12:23:05.558 INFO     PCon: hd[0]: PcVideoIn: Enter StoreCapsParams....comp=cam1 flags= 5  caps=3  pComp=40f0c
12:23:05.558 INFO     PCon: hd[0]: PcVideoIn: HDCI_VideoIn:7604/7842 event in: HDCI detached 
12:23:05.558 INFO     PCon: hd[0]: PcVideoIn: Source is NOT HDCP encrypted
12:23:05.558 INFO     PCon: hd[0]: PcVideoIn: No signal detected; driver defaults to 1080P60 blue screen.
12:23:05.558 INFO     PCon: hd[0]: PcVideoIn: Enter StoreCapsParams....comp=cam1 flags= 5  caps=3  pComp=40f0c
12:23:05.558 INFO     PCon: hd[0]: PcVideoIn: cam cam1 DETACHED
12:23:05.558 INFO     PCon: hd[0]: PcThreads: PC: NETRA0 input thread received NOTIFY Msg - Comp_ID = cam1
12:23:05.559 INFO     PCon: hd[0]: PcThreads: PC_ProcessMsg: component_id: "cam1" video_params { action: ATTACHED resolution { width: 1920 height: 1080 refresh_rate: 60 is_interlaced: false } signal: eComponent blue_screen: BLUE_SCREEN_ON } capabilities { has_video_in: true has_video_out: false has_command_channel: true } 
12:23:05.559 INFO     PCon: hd[0]: PcThreads: Main thread NOTIFY, set comp cam1 to ATTACHED  pComp=0x40f0c
12:23:05.559 INFO     SMan: hd[0]: SrcMan: SMPlatformComponentNtfyHdlr, context 0x7b97c
12:23:05.559 INFO     SMan: hd[0]: SrcMan: PlatformComponentNtfyHdlr: component_id: "cam1" video_params { action: ATTACHED resolution { width: 1920 height: 1080 refresh_rate: 60 is_interlaced: false } signal: eComponent blue_screen: BLUE_SCREEN_ON } capabilities { has_video_in: true has_video_out: false has_command_channel: true } 
12:23:05.559 INFO     SMan: hd[0]: SrcMan: PlatformComponentNtfyHdlr: Received Capabilities of comp_id cam1:
12:23:05.559 INFO     SMan: hd[0]: SrcMan: 	VIDEO_IN
12:23:05.559 INFO     SMan: hd[0]: SrcMan: 	COMMAND_CHANNEL
12:23:05.559 INFO     SMan: hd[0]: SrcMan: PortChanged: session_id 0, port_id 1
12:23:05.559 ERROR    SMan: hd[0]: SrcMan: VideoAttributesChangedNtfy: Unsupported Resolution
12:23:05.560 INFO     SMan: hd[0]: SrcMan: VideoAttributesChangedNtfy: source_id { system: 0 id: 1 } video_resolution { width: 1920 height: 1080 refresh_rate: 60 is_interlaced: false } video_signal: eComponent video_role: ePeople video_quality: eSharpness attached: true unsupported: BLUE_SCREEN_ON 
12:23:05.560 INFO     PCon: hd[0]: PcThreads: PC: NETRA0 input thread received NOTIFY Msg - Comp_ID = cam1
12:23:05.561 INFO     PCon: hd[0]: PcThreads: PC_ProcessMsg: component_id: "cam1" video_params { action: DETACHED resolution { width: 1920 height: 1080 refresh_rate: 60 is_interlaced: false } signal: eComponent blue_screen: BLUE_SCREEN_ON } capabilities { has_video_in: true has_video_out: false has_command_channel: true } 
12:23:05.561 INFO     PCon: hd[0]: PcThreads: Main thread NOTIFY, set comp cam1 to DETACHED  pComp=0x40f0c
12:23:05.561 INFO     SMan: hd[0]: SrcMan: DiscoveryWorkerThread: Discovery thread now running, port 1
12:23:05.561 INFO     SMan: hd[0]: SrcMan: attachPort: Detach previous camera before running discovery, port_id = 1
12:23:05.567 INFO     SMan: hd[0]: SrcMan: SMPlatformComponentNtfyHdlr, context 0x7b97c
12:23:05.567 INFO     SMan: hd[0]: SrcMan: PlatformComponentNtfyHdlr: component_id: "cam1" video_params { action: DETACHED resolution { width: 1920 height: 1080 refresh_rate: 60 is_interlaced: false } signal: eComponent blue_screen: BLUE_SCREEN_ON } capabilities { has_video_in: true has_video_out: false has_command_channel: true } 
12:23:05.567 INFO     SMan: hd[0]: SrcMan: PlatformComponentNtfyHdlr: Received Capabilities of comp_id cam1:
12:23:05.567 INFO     SMan: hd[0]: SrcMan: 	VIDEO_IN
12:23:05.567 INFO     SMan: hd[0]: SrcMan: 	COMMAND_CHANNEL
12:23:05.567 INFO     SMan: hd[0]: SrcMan: PortChanged: session_id 0, port_id 1
12:23:05.630 INFO     PCon: hd[0]: PcConfig: Camera CHANGE callback: node sourceman.camera, NodeInst 1, sVar model, nVarInst 0
12:23:05.632 INFO     PCon: hd[0]: PcConfig: Camera CHANGE callback: node sourceman.camera, NodeInst 1, sVar softwareversion, nVarInst 0
12:23:05.632 INFO     PCon: hd[0]: PcConfig: Camera CHANGE callback: node sourceman.camera, NodeInst 1, sVar peripheralversiona, nVarInst 0
12:23:05.633 INFO     PCon: hd[0]: PcConfig: Camera CHANGE callback: node sourceman.camera, NodeInst 1, sVar peripheralversiond, nVarInst 0
12:23:05.633 INFO     PCon: hd[0]: PcConfig: Camera CHANGE callback: node sourceman.camera, NodeInst 1, sVar peripheralversione, nVarInst 0
12:23:05.647 INFO     PCon: hd[0]: PcConfig: Camera CHANGE callback: node sourceman.camera, NodeInst 1, sVar peripheralversionf, nVarInst 0
12:23:05.648 INFO     PCon: hd[0]: PcConfig: Camera CHANGE callback: node sourceman.camera, NodeInst 1, sVar peripheralversiong, nVarInst 0
12:23:12.292 ERROR    logcat: hd[0]: Syan(7810): ________________ plugging ________________ 
12:23:15.707 INFO     PCon: hd[0]: PcSerial: PC: Serial read - sent notify from: PC:CAM1, num chars:2
12:23:15.707 INFO     PCon: hd[0]: PcSerial: CAM_Serial_ReadThread: component_id: "cam1" serial_bytes: "\001\000" 
12:23:16.330 INFO     PCon: hd[0]: PcSerial: PC: Serial read - sent notify from: PC:CAM1, num chars:1
12:23:16.330 INFO     PCon: hd[0]: PcSerial: CAM_Serial_ReadThread: component_id: "cam1" serial_bytes: "\000" 
12:23:21.622 INFO     PCon: hd[0]: PcVideoIn: HDCI_VideoIn:7604/7842 event in: HDCI attached 
12:23:21.622 INFO     PCon: hd[0]: PcVideoIn: RES_HDMI_1920x1080p60
12:23:21.622 INFO     PCon: hd[0]: PcVideoIn: Source is NOT HDCP encrypted
12:23:21.622 INFO     PCon: hd[0]: PcVideoIn: set compcaps to vid in + comm channel    cam1
12:23:21.622 INFO     PCon: hd[0]: PcVideoIn: cam cam1 ATTACHED
12:23:21.622 INFO     PCon: hd[0]: PcVideoIn: RES_HDMI_1920x1080p60
12:23:21.622 INFO     PCon: hd[0]: PcVideoIn: Enter StoreCapsParams....comp=cam1 flags= 5  caps=3  pComp=40f0c
12:23:21.623 INFO     PCon: hd[0]: PcThreads: PC: NETRA0 input thread received NOTIFY Msg - Comp_ID = cam1
12:23:21.623 INFO     PCon: hd[0]: PcThreads: PC_ProcessMsg: component_id: "cam1" video_params { action: ATTACHED resolution { width: 1920 height: 1080 refresh_rate: 60 is_interlaced: false } signal: eComponent blue_screen: BLUE_SCREEN_OFF } capabilities { has_video_in: true has_video_out: false has_command_channel: true } 
12:23:21.623 INFO     PCon: hd[0]: PcThreads: Main thread NOTIFY, set comp cam1 to ATTACHED  pComp=0x40f0c
12:23:21.899 INFO     PCon: hd[0]: PcSerial: PC: Serial read - sent notify from: PC:CAM1, num chars:1
12:23:21.899 INFO     PCon: hd[0]: PcSerial: CAM_Serial_ReadThread: component_id: "cam1" serial_bytes: "\340" 
12:23:22.900 INFO     PCon: hd[0]: PcSerial: PC: Serial read - sent notify from: PC:CAM1, num chars:1
12:23:22.900 INFO     PCon: hd[0]: PcSerial: CAM_Serial_ReadThread: component_id: "cam1" serial_bytes: "\340" 
12:23:23.918 INFO     PCon: hd[0]: PcSerial: PC: Serial read - sent notify from: PC:CAM1, num chars:1
12:23:23.918 INFO     PCon: hd[0]: PcSerial: CAM_Serial_ReadThread: component_id: "cam1" serial_bytes: "\340" 
12:23:24.935 INFO     PCon: hd[0]: PcSerial: PC: Serial read - sent notify from: PC:CAM1, num chars:1
12:23:24.935 INFO     PCon: hd[0]: PcSerial: CAM_Serial_ReadThread: component_id: "cam1" serial_bytes: "\340" 
12:23:25.953 INFO     PCon: hd[0]: PcSerial: PC: Serial read - sent notify from: PC:CAM1, num chars:1
12:23:25.953 INFO     PCon: hd[0]: PcSerial: CAM_Serial_ReadThread: component_id: "cam1" serial_bytes: "\340" 
12:23:26.971 INFO     PCon: hd[0]: PcSerial: PC: Serial read - sent notify from: PC:CAM1, num chars:1
12:23:26.971 INFO     PCon: hd[0]: PcSerial: CAM_Serial_ReadThread: component_id: "cam1" serial_bytes: "\340" 
12:23:27.988 INFO     PCon: hd[0]: PcSerial: PC: Serial read - sent notify from: PC:CAM1, num chars:1
12:23:27.988 INFO     PCon: hd[0]: PcSerial: CAM_Serial_ReadThread: component_id: "cam1" serial_bytes: "\340" 
12:23:29.006 INFO     PCon: hd[0]: PcSerial: PC: Serial read - sent notify from: PC:CAM1, num chars:1
12:23:29.006 INFO     PCon: hd[0]: PcSerial: CAM_Serial_ReadThread: component_id: "cam1" serial_bytes: "\340" 
12:23:30.023 INFO     PCon: hd[0]: PcSerial: PC: Serial read - sent notify from: PC:CAM1, num chars:1
12:23:30.023 INFO     PCon: hd[0]: PcSerial: CAM_Serial_ReadThread: component_id: "cam1" serial_bytes: "\340" 
12:23:31.041 INFO     PCon: hd[0]: PcSerial: PC: Serial read - sent notify from: PC:CAM1, num chars:1
12:23:31.042 INFO     PCon: hd[0]: PcSerial: CAM_Serial_ReadThread: component_id: "cam1" serial_bytes: "\340" 
12:23:32.059 INFO     PCon: hd[0]: PcSerial: PC: Serial read - sent notify from: PC:CAM1, num chars:1
12:23:32.060 INFO     PCon: hd[0]: PcSerial: CAM_Serial_ReadThread: component_id: "cam1" serial_bytes: "\340" 
12:23:33.076 INFO     PCon: hd[0]: PcSerial: PC: Serial read - sent notify from: PC:CAM1, num chars:1
12:23:33.076 INFO     PCon: hd[0]: PcSerial: CAM_Serial_ReadThread: component_id: "cam1" serial_bytes: "\340" 
12:23:53.772 INFO     PCon: hd[0]: PcSerial: PC: Serial read - sent notify from: PC:CAM1, num chars:1
12:23:53.773 INFO     PCon: hd[0]: PcSerial: CAM_Serial_ReadThread: component_id: "cam1" serial_bytes: "\340" 
12:23:54.789 INFO     PCon: hd[0]: PcSerial: PC: Serial read - sent notify from: PC:CAM1, num chars:1
12:23:54.790 INFO     PCon: hd[0]: PcSerial: CAM_Serial_ReadThread: component_id: "cam1" serial_bytes: "\340" 
12:23:55.808 INFO     PCon: hd[0]: PcSerial: PC: Serial read - sent notify from: PC:CAM1, num chars:1
12:23:55.808 INFO     PCon: hd[0]: PcSerial: CAM_Serial_ReadThread: component_id: "cam1" serial_bytes: "\340" 
12:23:56.825 INFO     PCon: hd[0]: PcSerial: PC: Serial read - sent notify from: PC:CAM1, num chars:1
12:23:56.826 INFO     PCon: hd[0]: PcSerial: CAM_Serial_ReadThread: component_id: "cam1" serial_bytes: "\340" 
12:23:57.842 INFO     PCon: hd[0]: PcSerial: PC: Serial read - sent notify from: PC:CAM1, num chars:1
12:23:57.843 INFO     PCon: hd[0]: PcSerial: CAM_Serial_ReadThread: component_id: "cam1" serial_bytes: "\340" 
12:23:58.860 INFO     PCon: hd[0]: PcSerial: PC: Serial read - sent notify from: PC:CAM1, num chars:1
12:23:58.861 INFO     PCon: hd[0]: PcSerial: CAM_Serial_ReadThread: component_id: "cam1" serial_bytes: "\340" 
12:23:58.882 ERROR    logcat: hd[0]: Syan(7813): ________________ done ________________ 
